빌드 시작: 2017-06-02 오후 8:18:25
     1>2 노드의 "C:\Users\dnflc\OSS_Group3\vs2010\vs2010\vs2010.vcxproj" 프로젝트(build 대상)입니다.
     1>InitializeBuildStatus:
         "Debug\vs2010.unsuccessfulbuild"에 연결(touching)하고 있습니다.
       ClCompile:
         C:\Program Files (x86)\Microsoft Visual Studio 10.0\VC\bin\CL.exe /c /ZI /nologo /W3 /WX- /Od /Oy- /D WIN32 /D _DEBUG /D _CONSOLE /D _UNICODE /D UNICODE /Gm /EHsc /RTC1 /MDd /GS /fp:precise /Zc:wchar_t /Zc:forScope /Fo"Debug\\" /Fd"Debug\vc100.pdb" /Gd /TC /analyze- /errorReport:prompt "..\..\..\Desktop\oss pro\oss pro\oss pro\condition.c" main.c object.c
         object.c
     1>c:\users\dnflc\oss_group3\vs2010\vs2010\object.c(12): warning C4244: '함수' : 'time_t'에서 'unsigned int'(으)로 변환하면서 데이터가 손실될 수 있습니다.
     1>c:\users\dnflc\oss_group3\vs2010\vs2010\object.c(168): error C2059: 구문 오류 : 'for'
     1>c:\users\dnflc\oss_group3\vs2010\vs2010\object.c(168): error C2143: 구문 오류 : '{'이(가) '<' 앞에 없습니다.
     1>c:\users\dnflc\oss_group3\vs2010\vs2010\object.c(168): error C2059: 구문 오류 : '<'
     1>c:\users\dnflc\oss_group3\vs2010\vs2010\object.c(168): error C2143: 구문 오류 : '{'이(가) '++' 앞에 없습니다.
     1>c:\users\dnflc\oss_group3\vs2010\vs2010\object.c(168): error C2059: 구문 오류 : '++'
     1>c:\users\dnflc\oss_group3\vs2010\vs2010\object.c(168): error C2059: 구문 오류 : ')'
     1>c:\users\dnflc\oss_group3\vs2010\vs2010\object.c(175): error C2059: 구문 오류 : '}'
     1>c:\users\dnflc\oss_group3\vs2010\vs2010\object.c(377): warning C4244: '함수' : 'time_t'에서 'unsigned int'(으)로 변환하면서 데이터가 손실될 수 있습니다.
     1>c:\users\dnflc\oss_group3\vs2010\vs2010\object.c(979): warning C4013: 'Beep'이(가) 정의되지 않았습니다. extern은 int형을 반환하는 것으로 간주합니다.
         main.c
     1>c:\users\dnflc\oss_group3\vs2010\vs2010\main.c(33): warning C4996: 'fopen': This function or variable may be unsafe. Consider using fopen_s instead. To disable deprecation, use _CRT_SECURE_NO_WARNINGS. See online help for details.
                 c:\program files (x86)\microsoft visual studio 10.0\vc\include\stdio.h(234) : 'fopen' 선언을 참조하십시오.
     1>c:\users\dnflc\oss_group3\vs2010\vs2010\main.c(40): warning C4996: 'fscanf': This function or variable may be unsafe. Consider using fscanf_s instead. To disable deprecation, use _CRT_SECURE_NO_WARNINGS. See online help for details.
                 c:\program files (x86)\microsoft visual studio 10.0\vc\include\stdio.h(253) : 'fscanf' 선언을 참조하십시오.
     1>c:\users\dnflc\oss_group3\vs2010\vs2010\main.c(52): warning C4996: 'fopen': This function or variable may be unsafe. Consider using fopen_s instead. To disable deprecation, use _CRT_SECURE_NO_WARNINGS. See online help for details.
                 c:\program files (x86)\microsoft visual studio 10.0\vc\include\stdio.h(234) : 'fopen' 선언을 참조하십시오.
     1>c:\users\dnflc\oss_group3\vs2010\vs2010\main.c(59): warning C4996: 'fscanf': This function or variable may be unsafe. Consider using fscanf_s instead. To disable deprecation, use _CRT_SECURE_NO_WARNINGS. See online help for details.
                 c:\program files (x86)\microsoft visual studio 10.0\vc\include\stdio.h(253) : 'fscanf' 선언을 참조하십시오.
     1>c:\users\dnflc\oss_group3\vs2010\vs2010\main.c(78): warning C4996: 'scanf': This function or variable may be unsafe. Consider using scanf_s instead. To disable deprecation, use _CRT_SECURE_NO_WARNINGS. See online help for details.
                 c:\program files (x86)\microsoft visual studio 10.0\vc\include\stdio.h(304) : 'scanf' 선언을 참조하십시오.
     1>c:\users\dnflc\oss_group3\vs2010\vs2010\main.c(99): warning C4013: 'game_level'이(가) 정의되지 않았습니다. extern은 int형을 반환하는 것으로 간주합니다.
     1>c:\users\dnflc\oss_group3\vs2010\vs2010\main.c(132): warning C4013: 'victory_condition'이(가) 정의되지 않았습니다. extern은 int형을 반환하는 것으로 간주합니다.
     1>c:\users\dnflc\oss_group3\vs2010\vs2010\main.c(140): warning C4996: 'scanf': This function or variable may be unsafe. Consider using scanf_s instead. To disable deprecation, use _CRT_SECURE_NO_WARNINGS. See online help for details.
                 c:\program files (x86)\microsoft visual studio 10.0\vc\include\stdio.h(304) : 'scanf' 선언을 참조하십시오.
     1>c:\users\dnflc\oss_group3\vs2010\vs2010\main.c(168): warning C4996: 'scanf': This function or variable may be unsafe. Consider using scanf_s instead. To disable deprecation, use _CRT_SECURE_NO_WARNINGS. See online help for details.
                 c:\program files (x86)\microsoft visual studio 10.0\vc\include\stdio.h(304) : 'scanf' 선언을 참조하십시오.
     1>c:\users\dnflc\oss_group3\vs2010\vs2010\main.c(196): warning C4996: 'scanf': This function or variable may be unsafe. Consider using scanf_s instead. To disable deprecation, use _CRT_SECURE_NO_WARNINGS. See online help for details.
                 c:\program files (x86)\microsoft visual studio 10.0\vc\include\stdio.h(304) : 'scanf' 선언을 참조하십시오.
     1>c:\users\dnflc\oss_group3\vs2010\vs2010\main.c(213): warning C4996: 'scanf': This function or variable may be unsafe. Consider using scanf_s instead. To disable deprecation, use _CRT_SECURE_NO_WARNINGS. See online help for details.
                 c:\program files (x86)\microsoft visual studio 10.0\vc\include\stdio.h(304) : 'scanf' 선언을 참조하십시오.
     1>c:\users\dnflc\oss_group3\vs2010\vs2010\main.c(220): warning C4996: 'scanf': This function or variable may be unsafe. Consider using scanf_s instead. To disable deprecation, use _CRT_SECURE_NO_WARNINGS. See online help for details.
                 c:\program files (x86)\microsoft visual studio 10.0\vc\include\stdio.h(304) : 'scanf' 선언을 참조하십시오.
     1>c:\users\dnflc\oss_group3\vs2010\vs2010\main.c(233): warning C4996: 'scanf': This function or variable may be unsafe. Consider using scanf_s instead. To disable deprecation, use _CRT_SECURE_NO_WARNINGS. See online help for details.
                 c:\program files (x86)\microsoft visual studio 10.0\vc\include\stdio.h(304) : 'scanf' 선언을 참조하십시오.
     1>c:\users\dnflc\oss_group3\vs2010\vs2010\main.c(245): warning C4996: 'scanf': This function or variable may be unsafe. Consider using scanf_s instead. To disable deprecation, use _CRT_SECURE_NO_WARNINGS. See online help for details.
                 c:\program files (x86)\microsoft visual studio 10.0\vc\include\stdio.h(304) : 'scanf' 선언을 참조하십시오.
     1>c:\users\dnflc\oss_group3\vs2010\vs2010\main.c(248): warning C4996: 'scanf': This function or variable may be unsafe. Consider using scanf_s instead. To disable deprecation, use _CRT_SECURE_NO_WARNINGS. See online help for details.
                 c:\program files (x86)\microsoft visual studio 10.0\vc\include\stdio.h(304) : 'scanf' 선언을 참조하십시오.
     1>c:\users\dnflc\oss_group3\vs2010\vs2010\main.c(262): warning C4996: 'scanf': This function or variable may be unsafe. Consider using scanf_s instead. To disable deprecation, use _CRT_SECURE_NO_WARNINGS. See online help for details.
                 c:\program files (x86)\microsoft visual studio 10.0\vc\include\stdio.h(304) : 'scanf' 선언을 참조하십시오.
     1>c:\users\dnflc\oss_group3\vs2010\vs2010\main.c(275): warning C4996: 'fopen': This function or variable may be unsafe. Consider using fopen_s instead. To disable deprecation, use _CRT_SECURE_NO_WARNINGS. See online help for details.
                 c:\program files (x86)\microsoft visual studio 10.0\vc\include\stdio.h(234) : 'fopen' 선언을 참조하십시오.
         condition.c
         코드를 생성하고 있습니다...
     1>"C:\Users\dnflc\OSS_Group3\vs2010\vs2010\vs2010.vcxproj" 프로젝트를 빌드했습니다(build 대상). - 실패

빌드하지 못했습니다.

경과 시간: 00:00:00.83
